<?xml version="1.0" encoding="UTF-8"?>
<testsuite xmlns:xsi="http://www.w3.org/2001/XMLSchema-instance" xsi:noNamespaceSchemaLocation="https://maven.apache.org/surefire/maven-surefire-plugin/xsd/surefire-test-report.xsd" name="TestSuite" time="606.206" tests="6" errors="0" skipped="5" failures="1">
  <properties>
[...]
</properties>
  <testcase name="setup" classname="com.inetBankingV1.testCases.TC_LoginTest_001" time="605.518">
    <failure message="session not created&#10;from timeout: Timed out receiving message from renderer: 600.000&#10;  (Session info: chrome=90.0.4430.93)&#10;Build info: version: &apos;3.10.0&apos;, revision: &apos;176b4a9&apos;, time: &apos;2018-03-02T19:03:16.397Z&apos;&#10;System info: host: &apos;DESKTOP-87PLKL5&apos;, ip: &apos;192.168.2.44&apos;, os.name: &apos;Windows 10&apos;, os.arch: &apos;amd64&apos;, os.version: &apos;10.0&apos;, java.version: &apos;11.0.11&apos;&#10;Driver info: driver.version: ChromeDriver&#10;remote stacktrace: Backtrace:&#10;	Ordinal0 [0x0006E7D3+124883]&#10;	Ordinal0 [0x0006E7B1+124849]&#10;	GetHandleVerifier [0x002B8688+193832]&#10;	GetHandleVerifier [0x002AC079+143129]&#10;	GetHandleVerifier [0x002AB45E+140030]&#10;	GetHandleVerifier [0x002AB6E6+140678]&#10;	GetHandleVerifier [0x002AB025+138949]&#10;	GetHandleVerifier [0x002B4679+177433]&#10;	GetHandleVerifier [0x002AAFE1+138881]&#10;	GetHandleVerifier [0x002ABD62+142338]&#10;	GetHandleVerifier [0x002AB45E+140030]&#10;	GetHandleVerifier [0x002AB6E6+140678]&#10;	GetHandleVerifier [0x002AB025+138949]&#10;	GetHandleVerifier [0x002B2A0A+170154]&#10;	GetHandleVerifier [0x002AAFE1+138881]&#10;	GetHandleVerifier [0x002ABD62+142338]&#10;	GetHandleVerifier [0x002AB45E+140030]&#10;	GetHandleVerifier [0x002AB6E6+140678]&#10;	GetHandleVerifier [0x002AB025+138949]&#10;	GetHandleVerifier [0x002B0D69+162825]&#10;	GetHandleVerifier [0x002AAFE1+138881]&#10;	GetHandleVerifier [0x002ABD62+142338]&#10;	GetHandleVerifier [0x002AB45E+140030]&#10;	GetHandleVerifier [0x002AB6E6+140678]&#10;	GetHandleVerifier [0x002AB025+138949]&#10;	GetHandleVerifier [0x002B017C+159772]&#10;	GetHandleVerifier [0x002AAFE1+138881]&#10;	GetHandleVerifier [0x002ABD62+142338]&#10;	GetHandleVerifier [0x002AB45E+140030]&#10;	GetHandleVerifier [0x002AB6E6+140678]&#10;	GetHandleVerifier [0x002AB025+138949]&#10;	GetHandleVerifier [0x002A76ED+124301]&#10;	GetHandleVerifier [0x002AAFE1+138881]&#10;	GetHandleVerifier [0x002AAE03+138403]&#10;	GetHandleVerifier [0x002AABF7+137879]&#10;	GetHandleVerifier [0x002B9930+198608]&#10;	GetHandleVerifier [0x002F5758+443896]&#10;	GetHandleVerifier [0x002F47FC+439964]&#10;	GetHandleVerifier [0x002F154B+426987]&#10;	GetHandleVerifier [0x002D4FFD+310941]&#10;	GetHandleVerifier [0x002D5D8E+314414]&#10;	GetHandleVerifier [0x002D5D19+314297]&#10;	GetHandleVerifier [0x003931EC+1089676]&#10;	GetHandleVerifier [0x003917C9+1082985]&#10;	GetHandleVerifier [0x003913A3+1081923]&#10;	GetHandleVerifier [0x0048D9FD+2115741]&#10;	Ordinal0 [0x001BB82E+1488942]&#10;	Ordinal0 [0x00155A7D+1071741]&#10;	Ordinal0 [0x0015559B+1070491]&#10;	Ordinal0 [0x001554B1+1070257]&#10;	Ordinal0 [0x0018FF53+1310547]&#10;	BaseThreadInitThunk [0x76C8FA29+25]&#10;	RtlGetAppContainerNamedObjectPath [0x772F7A4E+286]&#10;	RtlGetAppContainerNamedObjectPath [0x772F7A1E+238]&#10;	(No symbol) [0x00000000]&#10;" type="org.openqa.selenium.SessionNotCreatedException">org.openqa.selenium.SessionNotCreatedException: 
session not created
from timeout: Timed out receiving message from renderer: 600.000
  (Session info: chrome=90.0.4430.93)
Build info: version: '3.10.0', revision: '176b4a9', time: '2018-03-02T19:03:16.397Z'
System info: host: 'DESKTOP-87PLKL5', ip: '192.168.2.44', os.name: 'Windows 10', os.arch: 'amd64', os.version: '10.0', java.version: '11.0.11'
Driver info: driver.version: ChromeDriver
remote stacktrace: Backtrace:
	Ordinal0 [0x0006E7D3+124883]
	Ordinal0 [0x0006E7B1+124849]
	GetHandleVerifier [0x002B8688+193832]
	GetHandleVerifier [0x002AC079+143129]
	GetHandleVerifier [0x002AB45E+140030]
	GetHandleVerifier [0x002AB6E6+140678]
	GetHandleVerifier [0x002AB025+138949]
	GetHandleVerifier [0x002B4679+177433]
	GetHandleVerifier [0x002AAFE1+138881]
	GetHandleVerifier [0x002ABD62+142338]
	GetHandleVerifier [0x002AB45E+140030]
	GetHandleVerifier [0x002AB6E6+140678]
	GetHandleVerifier [0x002AB025+138949]
	GetHandleVerifier [0x002B2A0A+170154]
	GetHandleVerifier [0x002AAFE1+138881]
	GetHandleVerifier [0x002ABD62+142338]
	GetHandleVerifier [0x002AB45E+140030]
	GetHandleVerifier [0x002AB6E6+140678]
	GetHandleVerifier [0x002AB025+138949]
	GetHandleVerifier [0x002B0D69+162825]
	GetHandleVerifier [0x002AAFE1+138881]
	GetHandleVerifier [0x002ABD62+142338]
	GetHandleVerifier [0x002AB45E+140030]
	GetHandleVerifier [0x002AB6E6+140678]
	GetHandleVerifier [0x002AB025+138949]
	GetHandleVerifier [0x002B017C+159772]
	GetHandleVerifier [0x002AAFE1+138881]
	GetHandleVerifier [0x002ABD62+142338]
	GetHandleVerifier [0x002AB45E+140030]
	GetHandleVerifier [0x002AB6E6+140678]
	GetHandleVerifier [0x002AB025+138949]
	GetHandleVerifier [0x002A76ED+124301]
	GetHandleVerifier [0x002AAFE1+138881]
	GetHandleVerifier [0x002AAE03+138403]
	GetHandleVerifier [0x002AABF7+137879]
	GetHandleVerifier [0x002B9930+198608]
	GetHandleVerifier [0x002F5758+443896]
	GetHandleVerifier [0x002F47FC+439964]
	GetHandleVerifier [0x002F154B+426987]
	GetHandleVerifier [0x002D4FFD+310941]
	GetHandleVerifier [0x002D5D8E+314414]
	GetHandleVerifier [0x002D5D19+314297]
	GetHandleVerifier [0x003931EC+1089676]
	GetHandleVerifier [0x003917C9+1082985]
	GetHandleVerifier [0x003913A3+1081923]
	GetHandleVerifier [0x0048D9FD+2115741]
	Ordinal0 [0x001BB82E+1488942]
	Ordinal0 [0x00155A7D+1071741]
	Ordinal0 [0x0015559B+1070491]
	Ordinal0 [0x001554B1+1070257]
	Ordinal0 [0x0018FF53+1310547]
	BaseThreadInitThunk [0x76C8FA29+25]
	RtlGetAppContainerNamedObjectPath [0x772F7A4E+286]
	RtlGetAppContainerNamedObjectPath [0x772F7A1E+238]
	(No symbol) [0x00000000]

</failure>
    <system-err><![CDATA[Starting ChromeDriver 89.0.4389.23 (61b08ee2c50024bab004e48d2b1b083cdbdac579-refs/branch-heads/4389@{#294}) on port 26231
Only local connections are allowed.
Please see https://chromedriver.chromium.org/security-considerations for suggestions on keeping ChromeDriver safe.
ChromeDriver was started successfully.
[1620803207.652][WARNING]: This version of ChromeDriver has not been tested with Chrome version 90.
[1620803807.824][SEVERE]: Timed out receiving message from renderer: 600.000
]]></system-err>
  </testcase>
  <testcase name="loginTest" classname="com.inetBankingV1.testCases.TC_LoginTest_001" time="0">
    <skipped/>
  </testcase>
  <testcase name="down" classname="com.inetBankingV1.testCases.TC_LoginTest_001" time="0">
    <skipped/>
  </testcase>
  <testcase name="setup" classname="com.inetBankingV1.testCases.TC_AddCustomerTest_003" time="0">
    <skipped/>
  </testcase>
  <testcase name="addNewCustomer" classname="com.inetBankingV1.testCases.TC_AddCustomerTest_003" time="0">
    <skipped/>
  </testcase>
  <testcase name="down" classname="com.inetBankingV1.testCases.TC_AddCustomerTest_003" time="0">
    <skipped/>
  </testcase>
</testsuite>